<?xml version="1.0" encoding="UTF-8"?>
<testsuite xmlns:xsi="http://www.w3.org/2001/XMLSchema-instance" xsi:noNamespaceSchemaLocation="https://maven.apache.org/surefire/maven-surefire-plugin/xsd/surefire-test-report-3.0.xsd" version="3.0" name="com.simplilearn.app.StandardTest" time="0.031" tests="3" errors="0" skipped="1" failures="0">
  <properties>
[...]
</properties>
  <testcase name="testOne" classname="com.simplilearn.app.StandardTest" time="0.003">
    <system-out><![CDATA[** Before all test ! **
-- Before each test ! --
Test One !
-- After each test ! --
]]></system-out>
  </testcase>
  <testcase name="testTwo" classname="com.simplilearn.app.StandardTest" time="0">
    <skipped message="public void com.simplilearn.app.StandardTest.testTwo() is @Disabled"/>
  </testcase>
  <testcase name="testThree" classname="com.simplilearn.app.StandardTest" time="0.014">
    <system-out><![CDATA[-- Before each test ! --
Test Three !
-- After each test ! --
]]></system-out>
  </testcase>
</testsuite>